<?xml version="1.0" encoding="UTF-8"?>
<!-- Generated by org.testng.reporters.JUnitXMLReporter -->
<testsuite ignored="0" hostname="DESKTOP-B5J61QQ" failures="1" tests="2" name="Test" time="25.078" errors="0" timestamp="2025-09-19T15:52:17 IST">
  <testcase classname="testCases.TC_001AccountRegisterationTest" name="verify_Account_Registeration" time="14.224">
    <failure type="java.lang.AssertionError" message="expected [true] but found [false]">
      <![CDATA[java.lang.AssertionError: expected [true] but found [false]
at testCases.TC_001AccountRegisterationTest.verify_Account_Registeration(TC_001AccountRegisterationTest.java:66)
at java.base/java.util.ArrayList.forEach(ArrayList.java:1597)
... Removed 29 stack frames]]>
    </failure>
  </testcase> <!-- verify_Account_Registeration -->
  <testcase classname="testCases.TC_002LoginTest" name="verify_Login" time="2.935"/>
</testsuite> <!-- Test -->
